  OpenCVApplication.cpp
c:\facultate\prs\opencvapplication-vs2017_ocv340_basic\opencvapplication.cpp(450): warning C4244: 'argument': conversion from 'float' to 'int', possible loss of data
c:\facultate\prs\opencvapplication-vs2017_ocv340_basic\opencvapplication.cpp(452): warning C4244: 'argument': conversion from '_Tp' to 'int', possible loss of data
          with
          [
              _Tp=float
          ]
c:\facultate\prs\opencvapplication-vs2017_ocv340_basic\opencvapplication.cpp(466): warning C4244: 'argument': conversion from 'float' to '_Tp', possible loss of data
          with
          [
              _Tp=int
          ]
c:\facultate\prs\opencvapplication-vs2017_ocv340_basic\opencvapplication.cpp(468): warning C4244: 'argument': conversion from 'float' to '_Tp', possible loss of data
          with
          [
              _Tp=int
          ]
c:\facultate\prs\opencvapplication-vs2017_ocv340_basic\opencvapplication.cpp(473): warning C4244: 'argument': conversion from 'float' to '_Tp', possible loss of data
          with
          [
              _Tp=int
          ]
c:\facultate\prs\opencvapplication-vs2017_ocv340_basic\opencvapplication.cpp(475): warning C4244: 'argument': conversion from 'float' to '_Tp', possible loss of data
          with
          [
              _Tp=int
          ]
c:\facultate\prs\opencvapplication-vs2017_ocv340_basic\opencvapplication.cpp(517): warning C4244: '=': conversion from 'double' to 'int', possible loss of data
c:\facultate\prs\opencvapplication-vs2017_ocv340_basic\opencvapplication.cpp(551): warning C4244: 'initializing': conversion from 'double' to 'int', possible loss of data
c:\facultate\prs\opencvapplication-vs2017_ocv340_basic\opencvapplication.cpp(560): warning C4244: '=': conversion from 'double' to 'float', possible loss of data
c:\facultate\prs\opencvapplication-vs2017_ocv340_basic\opencvapplication.cpp(562): warning C4244: 'argument': conversion from 'float' to 'int', possible loss of data
c:\facultate\prs\opencvapplication-vs2017_ocv340_basic\opencvapplication.cpp(612): warning C4244: 'argument': conversion from 'double' to '_Tp', possible loss of data
          with
          [
              _Tp=int
          ]
c:\facultate\prs\opencvapplication-vs2017_ocv340_basic\opencvapplication.cpp(613): warning C4244: 'argument': conversion from 'double' to '_Tp', possible loss of data
          with
          [
              _Tp=int
          ]
c:\facultate\prs\opencvapplication-vs2017_ocv340_basic\opencvapplication.cpp(728): warning C4244: '=': conversion from 'float' to '_Tp', possible loss of data
          with
          [
              _Tp=int
          ]
c:\facultate\prs\opencvapplication-vs2017_ocv340_basic\opencvapplication.cpp(729): warning C4244: '=': conversion from 'float' to '_Tp', possible loss of data
          with
          [
              _Tp=int
          ]
c:\facultate\prs\opencvapplication-vs2017_ocv340_basic\opencvapplication.cpp(984): warning C4244: '=': conversion from 'double' to 'float', possible loss of data
c:\facultate\prs\opencvapplication-vs2017_ocv340_basic\opencvapplication.cpp(1055): warning C4244: '=': conversion from 'double' to 'float', possible loss of data
c:\facultate\prs\opencvapplication-vs2017_ocv340_basic\opencvapplication.cpp(1121): warning C4244: '=': conversion from 'double' to 'float', possible loss of data
c:\facultate\prs\opencvapplication-vs2017_ocv340_basic\opencvapplication.cpp(1222): warning C4244: 'initializing': conversion from '_Tp' to 'int', possible loss of data
          with
          [
              _Tp=double
          ]
c:\facultate\prs\opencvapplication-vs2017_ocv340_basic\opencvapplication.cpp(1226): warning C4244: '=': conversion from '_Tp' to 'int', possible loss of data
          with
          [
              _Tp=double
          ]
c:\facultate\prs\opencvapplication-vs2017_ocv340_basic\opencvapplication.cpp(1228): warning C4244: '=': conversion from '_Tp' to 'int', possible loss of data
          with
          [
              _Tp=double
          ]
c:\facultate\prs\opencvapplication-vs2017_ocv340_basic\opencvapplication.cpp(1232): warning C4244: 'argument': conversion from '_Tp' to 'int', possible loss of data
          with
          [
              _Tp=double
          ]
c:\facultate\prs\opencvapplication-vs2017_ocv340_basic\opencvapplication.cpp(1341): warning C4244: '=': conversion from 'int' to '_Tp', possible loss of data
          with
          [
              _Tp=float
          ]
c:\facultate\prs\opencvapplication-vs2017_ocv340_basic\opencvapplication.cpp(1359): warning C4244: '=': conversion from 'int' to '_Tp', possible loss of data
          with
          [
              _Tp=float
          ]
c:\facultate\prs\opencvapplication-vs2017_ocv340_basic\opencvapplication.cpp(1373): warning C4244: '=': conversion from '_Tp' to 'int', possible loss of data
          with
          [
              _Tp=float
          ]
c:\facultate\prs\opencvapplication-vs2017_ocv340_basic\opencvapplication.cpp(1574): warning C4244: '=': conversion from 'double' to '_Tp', possible loss of data
          with
          [
              _Tp=int
          ]
c:\facultate\prs\opencvapplication-vs2017_ocv340_basic\opencvapplication.cpp(1575): warning C4244: '=': conversion from 'double' to '_Tp', possible loss of data
          with
          [
              _Tp=int
          ]
c:\facultate\prs\opencvapplication-vs2017_ocv340_basic\opencvapplication.cpp(1700): warning C4244: '=': conversion from 'double' to 'float', possible loss of data
c:\facultate\prs\opencvapplication-vs2017_ocv340_basic\opencvapplication.cpp(1786): warning C4244: '=': conversion from '_Ty' to 'float', possible loss of data
          with
          [
              _Ty=double
          ]
c:\facultate\prs\opencvapplication-vs2017_ocv340_basic\opencvapplication.cpp(1819): warning C4244: 'initializing': conversion from 'double' to 'int', possible loss of data
c:\facultate\prs\opencvapplication-vs2017_ocv340_basic\opencvapplication.cpp(1841): warning C4244: '=': conversion from 'double' to 'int', possible loss of data
c:\facultate\prs\opencvapplication-vs2017_ocv340_basic\opencvapplication.cpp(1924): warning C4244: '=': conversion from 'float' to '_Tp', possible loss of data
          with
          [
              _Tp=uchar
          ]
c:\facultate\prs\opencvapplication-vs2017_ocv340_basic\opencvapplication.cpp(1946): warning C4244: '=': conversion from 'double' to '_Tp', possible loss of data
          with
          [
              _Tp=float
          ]
c:\facultate\prs\opencvapplication-vs2017_ocv340_basic\opencvapplication.cpp(1971): warning C4244: '=': conversion from 'int' to '_Tp', possible loss of data
          with
          [
              _Tp=float
          ]
c:\facultate\prs\opencvapplication-vs2017_ocv340_basic\opencvapplication.cpp(1972): warning C4244: '=': conversion from 'int' to '_Tp', possible loss of data
          with
          [
              _Tp=float
          ]
c:\facultate\prs\opencvapplication-vs2017_ocv340_basic\opencvapplication.cpp(1987): warning C4305: '+=': truncation from 'double' to 'float'
c:\facultate\prs\opencvapplication-vs2017_ocv340_basic\opencvapplication.cpp(1990): warning C4244: 'initializing': conversion from 'double' to 'float', possible loss of data
c:\facultate\prs\opencvapplication-vs2017_ocv340_basic\opencvapplication.cpp(2065): warning C4244: 'initializing': conversion from 'float' to 'int', possible loss of data
c:\facultate\prs\opencvapplication-vs2017_ocv340_basic\opencvapplication.cpp(2081): warning C4244: 'initializing': conversion from 'double' to 'int', possible loss of data
c:\facultate\prs\opencvapplication-vs2017_ocv340_basic\opencvapplication.cpp(1958): warning C4101: 'fname': unreferenced local variable
c:\facultate\prs\opencvapplication-vs2017_ocv340_basic\opencvapplication.cpp(2170): warning C4244: '=': conversion from 'double' to 'float', possible loss of data
c:\facultate\prs\opencvapplication-vs2017_ocv340_basic\opencvapplication.cpp(2171): warning C4244: '=': conversion from 'double' to 'float', possible loss of data
  Generating code
  1 of 844 functions ( 0.1%) were compiled, the rest were copied from previous compilation.
    0 functions were new in current compilation
    1 functions had inline decision re-evaluated but remain unchanged
  Finished generating code
  OpenCVApplication.vcxproj -> C:\Facultate\PRS\OpenCVApplication-VS2017_OCV340_basic\x64\Release\OpenCVApplication.exe
  OpenCV\dll\Release\opencv_ffmpeg340_64.dll
  OpenCV\dll\Release\opencv_world340.dll
          2 file(s) copied.
